<?xml version="1.0" encoding="UTF-8"?>
<!-- Generated by org.testng.reporters.JUnitXMLReporter -->
<testsuite ignored="1" hostname="TejKumar" failures="0" tests="1" name="Test" time="5.293" errors="0" timestamp="2025-12-09T15:21:32 IST">
  <testcase classname="testCases.TC002_LoginTest" name="verify_login" time="1.871"/>
  <testcase classname="testCases.TC001_AccountRegistrationTest" name="verify_account_registration" time="0.0">
    <ignored/>
  </testcase> <!-- verify_account_registration -->
</testsuite> <!-- Test -->
